
> titan-folio@0.1.0 dev
> next dev --port 3002

  ▲ Next.js 14.2.3
  - Local:        http://localhost:3002
  - Environments: .env.local

 ✓ Starting...
 ✓ Ready in 4.7s
 ○ Compiling /middleware ...
 ✓ Compiled /middleware in 683ms (73 modules)
 ○ Compiling /en ...
 ✓ Compiled /en in 21.4s (1522 modules)
 ✓ Compiled in 2.8s (730 modules)
 GET /en 200 in 1465ms
 GET /en 200 in 592ms
 ✓ Compiled in 8.1s (1491 modules)
 GET /en 200 in 1529ms
 ✓ Compiled in 384ms (714 modules)
 ✓ Compiled in 537ms (728 modules)
 ✓ Compiled in 772ms (728 modules)
 ✓ Compiled in 472ms (728 modules)
 ✓ Compiled in 611ms (728 modules)
 ✓ Compiled in 691ms (728 modules)
 ✓ Compiled in 681ms (728 modules)
[?25h
